<?xml version="1.0" encoding="UTF-8"?>
<!-- Generated by org.testng.reporters.JUnitXMLReporter -->
<testsuite hostname="ONagirna" name="Default test" tests="4" failures="0" timestamp="9 Jun 2017 17:39:16 GMT" time="37.178" errors="0">
  <testcase name="testAdminOpenSystemUsersPage" time="6.134" classname="com.orange.test.AdminUserManagementTest"/>
  <testcase name="testOpenAddUserForm" time="2.599" classname="com.orange.test.AdminUserManagementTest"/>
  <testcase name="testFillInUserForm" time="2.445" classname="com.orange.test.AdminUserManagementTest"/>
  <testcase name="testUserDeletionFromList" time="15.961" classname="com.orange.test.AdminUserManagementTest"/>
</testsuite> <!-- Default test -->
